0 info it worked if it ends with ok
1 verbose cli [ 'C:\\Program Files\\nodejs\\\\node.exe',
1 verbose cli   'C:\\Program Files\\nodejs\\node_modules\\npm\\bin\\npm-cli.js',
1 verbose cli   'install',
1 verbose cli   'moongoose' ]
2 info using npm@1.4.28
3 info using node@v0.10.32
4 verbose node symlink C:\Program Files\nodejs\\node.exe
5 warn package.json path@0.12.7 path is also the name of a node core module.
6 verbose readDependencies using package.json deps
7 verbose cache add [ 'moongoose', null ]
8 verbose cache add name=undefined spec="moongoose" args=["moongoose",null]
9 verbose parsed url { protocol: null,
9 verbose parsed url   slashes: null,
9 verbose parsed url   auth: null,
9 verbose parsed url   host: null,
9 verbose parsed url   port: null,
9 verbose parsed url   hostname: null,
9 verbose parsed url   hash: null,
9 verbose parsed url   search: null,
9 verbose parsed url   query: null,
9 verbose parsed url   pathname: 'moongoose',
9 verbose parsed url   path: 'moongoose',
9 verbose parsed url   href: 'moongoose' }
10 silly lockFile 01f8586d-moongoose moongoose
11 verbose lock moongoose C:\Users\HP 14 V014\AppData\Roaming\npm-cache\01f8586d-moongoose.lock
12 silly lockFile 01f8586d-moongoose moongoose
13 silly lockFile 01f8586d-moongoose moongoose
14 verbose addNamed [ 'moongoose', '' ]
15 verbose addNamed [ null, '*' ]
16 silly lockFile 5953e2d4-moongoose moongoose@
17 verbose lock moongoose@ C:\Users\HP 14 V014\AppData\Roaming\npm-cache\5953e2d4-moongoose.lock
18 silly addNameRange { name: 'moongoose', range: '*', hasData: false }
19 verbose request where is /moongoose
20 verbose request registry https://registry.npmjs.org/
21 verbose request id f45a04387ae90b68
22 verbose url raw /moongoose
23 verbose url resolving [ 'https://registry.npmjs.org/', './moongoose' ]
24 verbose url resolved https://registry.npmjs.org/moongoose
25 verbose request where is https://registry.npmjs.org/moongoose
26 info trying registry request attempt 1 at 22:03:14
27 http GET https://registry.npmjs.org/moongoose
28 http 404 https://registry.npmjs.org/moongoose
29 silly registry.get cb [ 404,
29 silly registry.get   { 'content-type': 'application/json',
29 silly registry.get     'cache-control': 'max-age=0',
29 silly registry.get     'content-length': '2',
29 silly registry.get     'accept-ranges': 'bytes',
29 silly registry.get     date: 'Mon, 15 Feb 2016 03:03:17 GMT',
29 silly registry.get     via: '1.1 varnish',
29 silly registry.get     age: '0',
29 silly registry.get     connection: 'keep-alive',
29 silly registry.get     'x-served-by': 'cache-atl6224-ATL',
29 silly registry.get     'x-cache': 'MISS',
29 silly registry.get     'x-cache-hits': '0',
29 silly registry.get     'x-timer': 'S1455505396.782581,VS0,VE405' } ]
30 silly lockFile 5953e2d4-moongoose moongoose@
31 silly lockFile 5953e2d4-moongoose moongoose@
32 error 404 Not Found
32 error 404
32 error 404 'moongoose' is not in the npm registry.
32 error 404 You should bug the author to publish it
32 error 404 It was specified as a dependency of 'angular-node-real-time'
32 error 404
32 error 404 Note that you can also install from a
32 error 404 tarball, folder, or http url, or git url.
33 error System Windows_NT 6.2.9200
34 error command "C:\\Program Files\\nodejs\\\\node.exe" "C:\\Program Files\\nodejs\\node_modules\\npm\\bin\\npm-cli.js" "install" "moongoose"
35 error cwd C:\Users\HP 14 V014\Angular-node-express
36 error node -v v0.10.32
37 error npm -v 1.4.28
38 error code E404
39 verbose exit [ 1, true ]
